<?xml version="1.0" encoding="UTF-8"?>
<testsuite name="Network_tests.TestNetwork-20220430002623" tests="4" file="Network_tests.py" time="0.006" timestamp="2022-04-30T00:26:29" failures="0" errors="0" skipped="0">
	<testcase classname="Network_tests.TestNetwork" name="test_epoch_end" time="0.001" timestamp="2022-04-30T00:26:29"/>
	<testcase classname="Network_tests.TestNetwork" name="test_training_step" time="0.002" timestamp="2022-04-30T00:26:29"/>
	<testcase classname="Network_tests.TestNetwork" name="test_validation_epoch_end" time="0.001" timestamp="2022-04-30T00:26:29"/>
	<testcase classname="Network_tests.TestNetwork" name="test_validation_step" time="0.001" timestamp="2022-04-30T00:26:29"/>
</testsuite>
