<?xml version="1.0" encoding="UTF-8"?>
<testsuite name="camera_tests.TestCamera-20220429235641" tests="7" file="camera_tests.py" time="2.232" timestamp="2022-04-29T23:56:45" failures="0" errors="0" skipped="0">
	<testcase classname="camera_tests.TestCamera" name="test_camera" time="2.089" timestamp="2022-04-29T23:56:45"/>
	<testcase classname="camera_tests.TestCamera" name="test_epoch_end" time="0.003" timestamp="2022-04-29T23:56:45"/>
	<testcase classname="camera_tests.TestCamera" name="test_get_suggestion" time="0.003" timestamp="2022-04-29T23:56:45"/>
	<testcase classname="camera_tests.TestCamera" name="test_predict_image" time="0.003" timestamp="2022-04-29T23:56:45"/>
	<testcase classname="camera_tests.TestCamera" name="test_translation" time="0.128" timestamp="2022-04-29T23:56:45"/>
	<testcase classname="camera_tests.TestCamera" name="test_validation_epoch_end" time="0.003" timestamp="2022-04-29T23:56:45"/>
	<testcase classname="camera_tests.TestCamera" name="test_validation_step" time="0.003" timestamp="2022-04-29T23:56:45"/>
</testsuite>
