<?xml version="1.0" encoding="UTF-8"?>
<testsuite name="camera_tests.TestCamera-20220430000134" tests="7" file="camera_tests.py" time="2.270" timestamp="2022-04-30T00:01:41" failures="0" errors="0" skipped="0">
	<testcase classname="camera_tests.TestCamera" name="test_camera" time="2.133" timestamp="2022-04-30T00:01:40"/>
	<testcase classname="camera_tests.TestCamera" name="test_epoch_end" time="0.004" timestamp="2022-04-30T00:01:40"/>
	<testcase classname="camera_tests.TestCamera" name="test_get_suggestion" time="0.003" timestamp="2022-04-30T00:01:40"/>
	<testcase classname="camera_tests.TestCamera" name="test_predict_image" time="0.003" timestamp="2022-04-30T00:01:40"/>
	<testcase classname="camera_tests.TestCamera" name="test_translation" time="0.121" timestamp="2022-04-30T00:01:41"/>
	<testcase classname="camera_tests.TestCamera" name="test_validation_epoch_end" time="0.003" timestamp="2022-04-30T00:01:41"/>
	<testcase classname="camera_tests.TestCamera" name="test_validation_step" time="0.004" timestamp="2022-04-30T00:01:41"/>
</testsuite>
