<?xml version="1.0" encoding="UTF-8"?>
<testsuite name="dataLoader_tests.TestDeviceDataLoader-20220429163932" tests="2" file="dataLoader_tests.py" time="2.607" timestamp="2022-04-29T16:39:47" failures="0" errors="0" skipped="0">
	<testcase classname="dataLoader_tests.TestDeviceDataLoader" name="test_show_data_loader" time="1.300" timestamp="2022-04-29T16:39:45"/>
	<testcase classname="dataLoader_tests.TestDeviceDataLoader" name="test_show_device" time="1.308" timestamp="2022-04-29T16:39:47"/>
</testsuite>
