<?xml version="1.0" encoding="UTF-8"?>
<testsuite name="camera_tests.TestCamera-20220430000444" tests="7" file="camera_tests.py" time="2.256" timestamp="2022-04-30T00:04:50" failures="0" errors="0" skipped="0">
	<testcase classname="camera_tests.TestCamera" name="test_camera" time="2.128" timestamp="2022-04-30T00:04:50"/>
	<testcase classname="camera_tests.TestCamera" name="test_epoch_end" time="0.003" timestamp="2022-04-30T00:04:50"/>
	<testcase classname="camera_tests.TestCamera" name="test_get_suggestion" time="0.004" timestamp="2022-04-30T00:04:50"/>
	<testcase classname="camera_tests.TestCamera" name="test_predict_image" time="0.002" timestamp="2022-04-30T00:04:50"/>
	<testcase classname="camera_tests.TestCamera" name="test_translation" time="0.112" timestamp="2022-04-30T00:04:50"/>
	<testcase classname="camera_tests.TestCamera" name="test_validation_epoch_end" time="0.003" timestamp="2022-04-30T00:04:50"/>
	<testcase classname="camera_tests.TestCamera" name="test_validation_step" time="0.004" timestamp="2022-04-30T00:04:50"/>
</testsuite>
