<?xml version="1.0" encoding="UTF-8"?>
<testsuite name="Network_tests.TestNetwork-20220430000439" tests="4" file="Network_tests.py" time="0.003" timestamp="2022-04-30T00:04:44" failures="0" errors="0" skipped="0">
	<testcase classname="Network_tests.TestNetwork" name="test_epoch_end" time="0.001" timestamp="2022-04-30T00:04:44"/>
	<testcase classname="Network_tests.TestNetwork" name="test_training_step" time="0.001" timestamp="2022-04-30T00:04:44"/>
	<testcase classname="Network_tests.TestNetwork" name="test_validation_epoch_end" time="0.001" timestamp="2022-04-30T00:04:44"/>
	<testcase classname="Network_tests.TestNetwork" name="test_validation_step" time="0.001" timestamp="2022-04-30T00:04:44"/>
</testsuite>
