<?xml version="1.0" encoding="UTF-8"?>
<testsuite name="camera_tests.TestCamera-20220430002137" tests="7" file="camera_tests.py" time="2.311" timestamp="2022-04-30T00:21:43" failures="0" errors="0" skipped="0">
	<testcase classname="camera_tests.TestCamera" name="test_camera" time="2.128" timestamp="2022-04-30T00:21:43"/>
	<testcase classname="camera_tests.TestCamera" name="test_epoch_end" time="0.004" timestamp="2022-04-30T00:21:43"/>
	<testcase classname="camera_tests.TestCamera" name="test_get_suggestion" time="0.003" timestamp="2022-04-30T00:21:43"/>
	<testcase classname="camera_tests.TestCamera" name="test_predict_image" time="0.001" timestamp="2022-04-30T00:21:43"/>
	<testcase classname="camera_tests.TestCamera" name="test_translation" time="0.166" timestamp="2022-04-30T00:21:43"/>
	<testcase classname="camera_tests.TestCamera" name="test_validation_epoch_end" time="0.004" timestamp="2022-04-30T00:21:43"/>
	<testcase classname="camera_tests.TestCamera" name="test_validation_step" time="0.004" timestamp="2022-04-30T00:21:43"/>
</testsuite>
